This file contains any messages produced by compilers while
running configure, to aid debugging if configure makes a mistake.

It was created by configure, which was
generated by GNU Autoconf 2.52.  Invocation command line was

  $ ./configure 

## ---------- ##
## Platform.  ##
## ---------- ##

hostname = STAR-1
uname -m = i686
uname -r = 2.4.20-8custom
uname -s = Linux
uname -v = #1 Mon Mar 1 23:01:50 CST 2004

/usr/bin/uname -p = unknown
/bin/uname -X     = unknown

/bin/arch              = i686
/usr/bin/arch -k       = unknown
/usr/convex/getsysinfo = unknown
hostinfo               = unknown
/bin/machine           = unknown
/usr/bin/oslevel       = unknown
/bin/universe          = unknown

PATH = /usr/local/sbin:/usr/local/bin:/sbin:/bin:/usr/sbin:/usr/bin:/usr/X11R6/bin:/root/bin

## ------------ ##
## Core tests.  ##
## ------------ ##

configure:971: PATH=".;."; conftest.sh
./configure: line 972: conftest.sh: command not found
configure:974: $? = 127
configure:1014: checking build system type
configure:1032: result: i686-pc-linux-gnu
configure:1039: checking host system type
configure:1053: result: i686-pc-linux-gnu
configure:1060: checking target system type
configure:1074: result: i686-pc-linux-gnu
configure:1100: checking for a BSD compatible install
configure:1149: result: /usr/bin/install -c
configure:1160: checking whether build environment is sane
configure:1203: result: yes
configure:1236: checking for mawk
configure:1262: result: no
configure:1236: checking for gawk
configure:1251: found /bin/gawk
configure:1259: result: gawk
configure:1269: checking whether make sets ${MAKE}
configure:1289: result: yes
configure:1423: checking for gcc
configure:1438: found /usr/bin/gcc
configure:1446: result: gcc
configure:1674: checking for C compiler version
configure:1677: gcc --version </dev/null >&5
gcc (GCC) 3.2.2 20030222 (Red Hat Linux 3.2.2-5)
Copyright (C) 2002 Free Software Foundation, Inc.
This is free software; see the source for copying conditions.  There is NO
warranty; not even for MERCHANTABILITY or FITNESS FOR A PARTICULAR PURPOSE.

configure:1680: $? = 0
configure:1682: gcc -v </dev/null >&5
Reading specs from /usr/lib/gcc-lib/i386-redhat-linux/3.2.2/specs
Configured with: ../configure --prefix=/usr --mandir=/usr/share/man --infodir=/usr/share/info --enable-shared --enable-threads=posix --disable-checking --with-system-zlib --enable-__cxa_atexit --host=i386-redhat-linux
Thread model: posix
gcc version 3.2.2 20030222 (Red Hat Linux 3.2.2-5)
configure:1685: $? = 0
configure:1687: gcc -V </dev/null >&5
gcc: argument to `-V' is missing
configure:1690: $? = 1
configure:1710: checking for C compiler default output
configure:1713: gcc    conftest.c  >&5
configure:1716: $? = 0
configure:1745: result: a.out
configure:1750: checking whether the C compiler works
configure:1756: ./a.out
configure:1759: $? = 0
configure:1774: result: yes
configure:1781: checking whether we are cross compiling
configure:1783: result: no
configure:1786: checking for executable suffix
configure:1788: gcc -o conftest    conftest.c  >&5
configure:1791: $? = 0
configure:1813: result: 
configure:1819: checking for object suffix
configure:1837: gcc -c   conftest.c >&5
configure:1840: $? = 0
configure:1859: result: o
configure:1863: checking whether we are using the GNU C compiler
configure:1884: gcc -c   conftest.c >&5
configure:1887: $? = 0
configure:1890: test -s conftest.o
configure:1893: $? = 0
configure:1905: result: yes
configure:1911: checking whether gcc accepts -g
configure:1929: gcc -c -g  conftest.c >&5
configure:1932: $? = 0
configure:1935: test -s conftest.o
configure:1938: $? = 0
configure:1948: result: yes
configure:1975: gcc -c -g -O2  conftest.c >&5
conftest.c:2: parse error before "me"
configure:1978: $? = 1
configure: failed program was:
#ifndef __cplusplus
  choke me
#endif
configure:2084: checking for style of include used by make
configure:2111: result: GNU
configure:2117: checking dependency style of gcc
configure:2179: result: gcc3
configure:2232: checking for g++
configure:2247: found /usr/bin/g++
configure:2255: result: g++
configure:2270: checking for C++ compiler version
configure:2273: g++ --version </dev/null >&5
g++ (GCC) 3.2.2 20030222 (Red Hat Linux 3.2.2-5)
Copyright (C) 2002 Free Software Foundation, Inc.
This is free software; see the source for copying conditions.  There is NO
warranty; not even for MERCHANTABILITY or FITNESS FOR A PARTICULAR PURPOSE.

configure:2276: $? = 0
configure:2278: g++ -v </dev/null >&5
Reading specs from /usr/lib/gcc-lib/i386-redhat-linux/3.2.2/specs
Configured with: ../configure --prefix=/usr --mandir=/usr/share/man --infodir=/usr/share/info --enable-shared --enable-threads=posix --disable-checking --with-system-zlib --enable-__cxa_atexit --host=i386-redhat-linux
Thread model: posix
gcc version 3.2.2 20030222 (Red Hat Linux 3.2.2-5)
configure:2281: $? = 0
configure:2283: g++ -V </dev/null >&5
g++: argument to `-V' missing

configure:2286: $? = 1
configure:2289: checking whether we are using the GNU C++ compiler
configure:2310: g++ -c   conftest.cc >&5
configure:2313: $? = 0
configure:2316: test -s conftest.o
configure:2319: $? = 0
configure:2331: result: yes
configure:2337: checking whether g++ accepts -g
configure:2355: g++ -c -g  conftest.cc >&5
configure:2358: $? = 0
configure:2361: test -s conftest.o
configure:2364: $? = 0
configure:2374: result: yes
configure:2414: g++ -c -g -O2  conftest.cc >&5
configure:2417: $? = 0
configure:2420: test -s conftest.o
configure:2423: $? = 0
configure:2445: g++ -c -g -O2  conftest.cc >&5
configure: In function `int main()':
configure:2438: `exit' undeclared (first use this function)
configure:2438: (Each undeclared identifier is reported only once for each 
   function it appears in.)
configure:2448: $? = 1
configure: failed program was:
#line 2433 "configure"
#include "confdefs.h"

int
main ()
{
exit (42);
  ;
  return 0;
}
configure:2414: g++ -c -g -O2  conftest.cc >&5
configure:2417: $? = 0
configure:2420: test -s conftest.o
configure:2423: $? = 0
configure:2445: g++ -c -g -O2  conftest.cc >&5
configure:2448: $? = 0
configure:2451: test -s conftest.o
configure:2454: $? = 0
configure:2478: checking dependency style of g++
configure:2540: result: gcc3
configure:2549: checking how to run the C preprocessor
configure:2575: gcc -E  conftest.c
configure:2581: $? = 0
configure:2608: gcc -E  conftest.c
configure:2605:28: ac_nonexistent.h: No such file or directory
configure:2614: $? = 1
configure: failed program was:
#line 2604 "configure"
#include "confdefs.h"
#include <ac_nonexistent.h>
configure:2651: result: gcc -E
configure:2666: gcc -E  conftest.c
configure:2672: $? = 0
configure:2699: gcc -E  conftest.c
configure:2696:28: ac_nonexistent.h: No such file or directory
configure:2705: $? = 1
configure: failed program was:
#line 2695 "configure"
#include "confdefs.h"
#include <ac_nonexistent.h>
configure:2744: checking for ANSI C header files
configure:2758: gcc -E  conftest.c
configure:2764: $? = 0
configure:2851: gcc -o conftest -g -O2   conftest.c  >&5
configure:2854: $? = 0
configure:2856: ./conftest
configure:2859: $? = 0
configure:2872: result: yes
configure:2885: checking for unistd.h
configure:2895: gcc -E  conftest.c
configure:2901: $? = 0
configure:2920: result: yes
configure:2930: checking for gcc option to accept ANSI C
configure:2987: gcc  -c -g -O2  conftest.c >&5
configure:2990: $? = 0
configure:2993: test -s conftest.o
configure:2996: $? = 0
configure:3013: result: none needed
configure:3021: checking for an ANSI C-conforming const
configure:3085: gcc -c -g -O2  conftest.c >&5
configure:3088: $? = 0
configure:3091: test -s conftest.o
configure:3094: $? = 0
configure:3104: result: yes
configure:3120: checking for sys/types.h
configure:3132: gcc -c -g -O2  conftest.c >&5
configure:3135: $? = 0
configure:3138: test -s conftest.o
configure:3141: $? = 0
configure:3151: result: yes
configure:3120: checking for sys/stat.h
configure:3132: gcc -c -g -O2  conftest.c >&5
configure:3135: $? = 0
configure:3138: test -s conftest.o
configure:3141: $? = 0
configure:3151: result: yes
configure:3120: checking for stdlib.h
configure:3132: gcc -c -g -O2  conftest.c >&5
configure:3135: $? = 0
configure:3138: test -s conftest.o
configure:3141: $? = 0
configure:3151: result: yes
configure:3120: checking for string.h
configure:3132: gcc -c -g -O2  conftest.c >&5
configure:3135: $? = 0
configure:3138: test -s conftest.o
configure:3141: $? = 0
configure:3151: result: yes
configure:3120: checking for memory.h
configure:3132: gcc -c -g -O2  conftest.c >&5
configure:3135: $? = 0
configure:3138: test -s conftest.o
configure:3141: $? = 0
configure:3151: result: yes
configure:3120: checking for strings.h
configure:3132: gcc -c -g -O2  conftest.c >&5
configure:3135: $? = 0
configure:3138: test -s conftest.o
configure:3141: $? = 0
configure:3151: result: yes
configure:3120: checking for inttypes.h
configure:3132: gcc -c -g -O2  conftest.c >&5
configure:3135: $? = 0
configure:3138: test -s conftest.o
configure:3141: $? = 0
configure:3151: result: yes
configure:3120: checking for stdint.h
configure:3132: gcc -c -g -O2  conftest.c >&5
configure:3135: $? = 0
configure:3138: test -s conftest.o
configure:3141: $? = 0
configure:3151: result: yes
configure:3120: checking for unistd.h
configure:3151: result: yes
configure:3161: checking for size_t
configure:3182: gcc -c -g -O2  conftest.c >&5
configure:3185: $? = 0
configure:3188: test -s conftest.o
configure:3191: $? = 0
configure:3201: result: yes
configure:3213: checking for uint16_t
configure:3234: gcc -c -g -O2  conftest.c >&5
configure:3237: $? = 0
configure:3240: test -s conftest.o
configure:3243: $? = 0
configure:3253: result: yes
configure:3265: checking for uint32_t
configure:3286: gcc -c -g -O2  conftest.c >&5
configure:3289: $? = 0
configure:3292: test -s conftest.o
configure:3295: $? = 0
configure:3305: result: yes
configure:3320: checking for strerror
configure:3357: gcc -o conftest -g -O2   conftest.c  >&5
configure:3360: $? = 0
configure:3363: test -s conftest
configure:3366: $? = 0
configure:3376: result: yes
configure:3466: creating ./config.status

## ----------------------- ##
## Running config.status.  ##
## ----------------------- ##

This file was extended by config.status 2.52, executed with
  CONFIG_FILES    = 
  CONFIG_HEADERS  = 
  CONFIG_LINKS    = 
  CONFIG_COMMANDS = 
  > ./config.status 
on STAR-1

config.status:3954: creating Makefile
config.status:3954: creating doc/Makefile
config.status:3954: creating mambolib/Makefile
config.status:3954: creating scripts/Makefile
config.status:4046: creating config.h

## ----------------- ##
## Cache variables.  ##
## ----------------- ##

ac_cv_build=i686-pc-linux-gnu
ac_cv_build_alias=i686-pc-linux-gnu
ac_cv_c_compiler_gnu=yes
ac_cv_c_const=yes
ac_cv_cxx_compiler_gnu=yes
ac_cv_env_CC_set=
ac_cv_env_CC_value=
ac_cv_env_CFLAGS_set=
ac_cv_env_CFLAGS_value=
ac_cv_env_CPPFLAGS_set=
ac_cv_env_CPPFLAGS_value=
ac_cv_env_CPP_set=
ac_cv_env_CPP_value=
ac_cv_env_CXXFLAGS_set=
ac_cv_env_CXXFLAGS_value=
ac_cv_env_CXX_set=
ac_cv_env_CXX_value=
ac_cv_env_LDFLAGS_set=
ac_cv_env_LDFLAGS_value=
ac_cv_env_build_alias_set=
ac_cv_env_build_alias_value=
ac_cv_env_host_alias_set=
ac_cv_env_host_alias_value=
ac_cv_env_target_alias_set=
ac_cv_env_target_alias_value=
ac_cv_func_strerror=yes
ac_cv_header_inttypes_h=yes
ac_cv_header_memory_h=yes
ac_cv_header_stdc=yes
ac_cv_header_stdint_h=yes
ac_cv_header_stdlib_h=yes
ac_cv_header_string_h=yes
ac_cv_header_strings_h=yes
ac_cv_header_sys_stat_h=yes
ac_cv_header_sys_types_h=yes
ac_cv_header_unistd_h=yes
ac_cv_host=i686-pc-linux-gnu
ac_cv_host_alias=i686-pc-linux-gnu
ac_cv_objext=o
ac_cv_path_install='/usr/bin/install -c'
ac_cv_prog_AWK=gawk
ac_cv_prog_CPP='gcc -E'
ac_cv_prog_ac_ct_CC=gcc
ac_cv_prog_ac_ct_CXX=g++
ac_cv_prog_cc_g=yes
ac_cv_prog_cc_stdc=
ac_cv_prog_cxx_g=yes
ac_cv_prog_make_make_set=yes
ac_cv_target=i686-pc-linux-gnu
ac_cv_target_alias=i686-pc-linux-gnu
ac_cv_type_size_t=yes
ac_cv_type_uint16_t=yes
ac_cv_type_uint32_t=yes
am_cv_CC_dependencies_compiler_type=gcc3
am_cv_CXX_dependencies_compiler_type=gcc3

## ------------ ##
## confdefs.h.  ##
## ------------ ##

#define PACKAGE "fscachesim"
#define VERSION "1.0"
#ifdef __cplusplus
#include <stdlib.h>
#endif
#define STDC_HEADERS 1
#define HAVE_UNISTD_H 1
#define HAVE_SYS_TYPES_H 1
#define HAVE_SYS_STAT_H 1
#define HAVE_STDLIB_H 1
#define HAVE_STRING_H 1
#define HAVE_MEMORY_H 1
#define HAVE_STRINGS_H 1
#define HAVE_INTTYPES_H 1
#define HAVE_STDINT_H 1
#define HAVE_UNISTD_H 1
#define HAVE_STRERROR 1


configure: exit 0

## ----------------------- ##
## Running config.status.  ##
## ----------------------- ##

This file was extended by config.status 2.52, executed with
  CONFIG_FILES    = 
  CONFIG_HEADERS  = config.h
  CONFIG_LINKS    = 
  CONFIG_COMMANDS = 
  > ./config.status 
on STAR-1

config.status:4046: creating config.h
config.status:4187: config.h is unchanged

## ----------------------- ##
## Running config.status.  ##
## ----------------------- ##

This file was extended by config.status 2.52, executed with
  CONFIG_FILES    = Makefile
  CONFIG_HEADERS  = 
  CONFIG_LINKS    = 
  CONFIG_COMMANDS = 
  > ./config.status 
on localhost.localdomain

config.status:3954: creating Makefile

## ----------------------- ##
## Running config.status.  ##
## ----------------------- ##

This file was extended by config.status 2.52, executed with
  CONFIG_FILES    = doc/Makefile
  CONFIG_HEADERS  = 
  CONFIG_LINKS    = 
  CONFIG_COMMANDS = 
  > ./config.status 
on localhost.localdomain

config.status:3954: creating doc/Makefile

## ----------------------- ##
## Running config.status.  ##
## ----------------------- ##

This file was extended by config.status 2.52, executed with
  CONFIG_FILES    = mambolib/Makefile
  CONFIG_HEADERS  = 
  CONFIG_LINKS    = 
  CONFIG_COMMANDS = 
  > ./config.status 
on localhost.localdomain

config.status:3954: creating mambolib/Makefile

## ----------------------- ##
## Running config.status.  ##
## ----------------------- ##

This file was extended by config.status 2.52, executed with
  CONFIG_FILES    = scripts/Makefile
  CONFIG_HEADERS  = 
  CONFIG_LINKS    = 
  CONFIG_COMMANDS = 
  > ./config.status 
on localhost.localdomain

config.status:3954: creating scripts/Makefile
